<?xml version="1.0" encoding="UTF-8"?>
<testng-results ignored="0" total="1" passed="1" failed="0" skipped="0">
  <reporter-output>
  </reporter-output>
  <suite started-at="2023-04-12T11:37:03 IST" name="Default suite" finished-at="2023-04-12T11:37:03 IST" duration-ms="184">
    <groups>
    </groups>
    <test started-at="2023-04-12T11:37:03 IST" name="Default test" finished-at="2023-04-12T11:37:03 IST" duration-ms="184">
      <class name="Sample.Demo">
        <test-method signature="demo()[pri:0, instance:Sample.Demo@2525ff7e]" started-at="2023-04-12T11:37:03 IST" name="demo" finished-at="2023-04-12T11:37:03 IST" duration-ms="36" status="PASS">
          <reporter-output>
          </reporter-output>
        </test-method> <!-- demo -->
      </class> <!-- Sample.Demo -->
    </test> <!-- Default test -->
  </suite> <!-- Default suite -->
</testng-results>
